-------------------------------------------------------------------------------
Test set: practice.app.service.school.AppTests
-------------------------------------------------------------------------------
Tests run: 1, Failures: 0, Errors: 1, Skipped: 0, Time elapsed: 5.294 s <<< FAILURE! - in practice.app.service.school.AppTests
contextLoads  Time elapsed: 0.147 s  <<< ERROR!
java.lang.IllegalStateException: Failed to load ApplicationContext for [WebMergedContextConfiguration@14c93774 testClass = practice.app.service.school.AppTests, locations = [], classes = [practice.app.service.school.App], contextInitializerClasses = [], activeProfiles = [], propertySourceLocations = [], propertySourceProperties = ["org.springframework.boot.test.context.SpringBootTestContextBootstrapper=true"], contextCustomizers = [org.springframework.boot.test.context.filter.ExcludeFilterContextCustomizer@4659191b, org.springframework.boot.test.json.DuplicateJsonObjectContextCustomizerFactory$DuplicateJsonObjectContextCustomizer@d9345cd, org.springframework.boot.test.mock.mockito.MockitoContextCustomizer@0, org.springframework.boot.test.web.client.TestRestTemplateContextCustomizer@4f80542f, org.springframework.boot.test.autoconfigure.actuate.observability.ObservabilityContextCustomizerFactory$DisableObservabilityContextCustomizer@9da1, org.springframework.boot.test.autoconfigure.properties.PropertyMappingContextCustomizer@0, org.springframework.boot.test.autoconfigure.web.servlet.WebDriverContextCustomizerFactory$Customizer@1a942c18, org.springframework.boot.test.context.SpringBootTestAnnotation@308ce06f], resourceBasePath = "src/main/webapp", contextLoader = org.springframework.boot.test.context.SpringBootContextLoader, parent = null]
Caused by: org.springframework.beans.factory.UnsatisfiedDependencyException: Error creating bean with name 'com.okyay.schoolapp.service.helper.teacher' defined in URL [jar:file:/C:/Users/Casper/.m2/repository/com/okyay/com-okyay-library-schoolapp-repository/1.1.1/com-okyay-library-schoolapp-repository-1.1.1.jar!/com/okyay/schoolapp/data/dal/TeacherServiceHelper.class]: Unsatisfied dependency expressed through constructor parameter 1: No qualifying bean of type 'com.okyay.schoolapp.data.mapper.ITeacherMapper' available: expected at least 1 bean which qualifies as autowire candidate. Dependency annotations: {@org.springframework.beans.factory.annotation.Qualifier("com.okyay.schoolapp.mapper.teacher")}
Caused by: org.springframework.beans.factory.NoSuchBeanDefinitionException: No qualifying bean of type 'com.okyay.schoolapp.data.mapper.ITeacherMapper' available: expected at least 1 bean which qualifies as autowire candidate. Dependency annotations: {@org.springframework.beans.factory.annotation.Qualifier("com.okyay.schoolapp.mapper.teacher")}

